  Main_proyectoFinal.cpp
D:\todo\unam\carrera\Octavo Semestre\Compu grafica\Lab\Proyecto final\proyecto_computacion_grafica_lab\ProyectoFinal\ProyectoFinal\Main_proyectoFinal.cpp(63,31): warning C4305: 'inicializando': truncamiento de 'double' a 'float'
D:\todo\unam\carrera\Octavo Semestre\Compu grafica\Lab\Proyecto final\proyecto_computacion_grafica_lab\ProyectoFinal\ProyectoFinal\Main_proyectoFinal.cpp(64,21): warning C4305: 'inicializando': truncamiento de 'double' a 'float'
D:\todo\unam\carrera\Octavo Semestre\Compu grafica\Lab\Proyecto final\proyecto_computacion_grafica_lab\ProyectoFinal\ProyectoFinal\Main_proyectoFinal.cpp(166,22): warning C4305: 'inicializando': truncamiento de 'double' a 'float'
D:\todo\unam\carrera\Octavo Semestre\Compu grafica\Lab\Proyecto final\proyecto_computacion_grafica_lab\ProyectoFinal\ProyectoFinal\Main_proyectoFinal.cpp(201,33): warning C4305: '=': truncamiento de 'double' a 'float'
D:\todo\unam\carrera\Octavo Semestre\Compu grafica\Lab\Proyecto final\proyecto_computacion_grafica_lab\ProyectoFinal\ProyectoFinal\Main_proyectoFinal.cpp(203,32): warning C4305: '=': truncamiento de 'double' a 'float'
D:\todo\unam\carrera\Octavo Semestre\Compu grafica\Lab\Proyecto final\proyecto_computacion_grafica_lab\ProyectoFinal\ProyectoFinal\Main_proyectoFinal.cpp(211,33): warning C4305: '=': truncamiento de 'double' a 'float'
D:\todo\unam\carrera\Octavo Semestre\Compu grafica\Lab\Proyecto final\proyecto_computacion_grafica_lab\ProyectoFinal\ProyectoFinal\Main_proyectoFinal.cpp(213,32): warning C4305: '=': truncamiento de 'double' a 'float'
D:\todo\unam\carrera\Octavo Semestre\Compu grafica\Lab\Proyecto final\proyecto_computacion_grafica_lab\ProyectoFinal\ProyectoFinal\Main_proyectoFinal.cpp(221,33): warning C4305: '=': truncamiento de 'double' a 'float'
D:\todo\unam\carrera\Octavo Semestre\Compu grafica\Lab\Proyecto final\proyecto_computacion_grafica_lab\ProyectoFinal\ProyectoFinal\Main_proyectoFinal.cpp(223,32): warning C4305: '=': truncamiento de 'double' a 'float'
D:\todo\unam\carrera\Octavo Semestre\Compu grafica\Lab\Proyecto final\proyecto_computacion_grafica_lab\ProyectoFinal\ProyectoFinal\Main_proyectoFinal.cpp(232,32): warning C4305: '=': truncamiento de 'double' a 'float'
D:\todo\unam\carrera\Octavo Semestre\Compu grafica\Lab\Proyecto final\proyecto_computacion_grafica_lab\ProyectoFinal\ProyectoFinal\Main_proyectoFinal.cpp(234,33): warning C4305: '=': truncamiento de 'double' a 'float'
D:\todo\unam\carrera\Octavo Semestre\Compu grafica\Lab\Proyecto final\proyecto_computacion_grafica_lab\ProyectoFinal\ProyectoFinal\Main_proyectoFinal.cpp(242,32): warning C4305: '=': truncamiento de 'double' a 'float'
D:\todo\unam\carrera\Octavo Semestre\Compu grafica\Lab\Proyecto final\proyecto_computacion_grafica_lab\ProyectoFinal\ProyectoFinal\Main_proyectoFinal.cpp(244,33): warning C4305: '=': truncamiento de 'double' a 'float'
D:\todo\unam\carrera\Octavo Semestre\Compu grafica\Lab\Proyecto final\proyecto_computacion_grafica_lab\ProyectoFinal\ProyectoFinal\Main_proyectoFinal.cpp(252,32): warning C4305: '=': truncamiento de 'double' a 'float'
D:\todo\unam\carrera\Octavo Semestre\Compu grafica\Lab\Proyecto final\proyecto_computacion_grafica_lab\ProyectoFinal\ProyectoFinal\Main_proyectoFinal.cpp(254,33): warning C4305: '=': truncamiento de 'double' a 'float'
D:\todo\unam\carrera\Octavo Semestre\Compu grafica\Lab\Proyecto final\proyecto_computacion_grafica_lab\ProyectoFinal\ProyectoFinal\Main_proyectoFinal.cpp(262,32): warning C4305: '=': truncamiento de 'double' a 'float'
D:\todo\unam\carrera\Octavo Semestre\Compu grafica\Lab\Proyecto final\proyecto_computacion_grafica_lab\ProyectoFinal\ProyectoFinal\Main_proyectoFinal.cpp(264,33): warning C4305: '=': truncamiento de 'double' a 'float'
D:\todo\unam\carrera\Octavo Semestre\Compu grafica\Lab\Proyecto final\proyecto_computacion_grafica_lab\ProyectoFinal\ProyectoFinal\Main_proyectoFinal.cpp(271,32): warning C4305: '=': truncamiento de 'double' a 'float'
D:\todo\unam\carrera\Octavo Semestre\Compu grafica\Lab\Proyecto final\proyecto_computacion_grafica_lab\ProyectoFinal\ProyectoFinal\Main_proyectoFinal.cpp(273,33): warning C4305: '=': truncamiento de 'double' a 'float'
D:\todo\unam\carrera\Octavo Semestre\Compu grafica\Lab\Proyecto final\proyecto_computacion_grafica_lab\ProyectoFinal\ProyectoFinal\Main_proyectoFinal.cpp(281,32): warning C4305: '=': truncamiento de 'double' a 'float'
D:\todo\unam\carrera\Octavo Semestre\Compu grafica\Lab\Proyecto final\proyecto_computacion_grafica_lab\ProyectoFinal\ProyectoFinal\Main_proyectoFinal.cpp(283,33): warning C4305: '=': truncamiento de 'double' a 'float'
D:\todo\unam\carrera\Octavo Semestre\Compu grafica\Lab\Proyecto final\proyecto_computacion_grafica_lab\ProyectoFinal\ProyectoFinal\Main_proyectoFinal.cpp(291,32): warning C4305: '=': truncamiento de 'double' a 'float'
D:\todo\unam\carrera\Octavo Semestre\Compu grafica\Lab\Proyecto final\proyecto_computacion_grafica_lab\ProyectoFinal\ProyectoFinal\Main_proyectoFinal.cpp(293,33): warning C4305: '=': truncamiento de 'double' a 'float'
D:\todo\unam\carrera\Octavo Semestre\Compu grafica\Lab\Proyecto final\proyecto_computacion_grafica_lab\ProyectoFinal\ProyectoFinal\Main_proyectoFinal.cpp(302,33): warning C4305: '=': truncamiento de 'double' a 'float'
D:\todo\unam\carrera\Octavo Semestre\Compu grafica\Lab\Proyecto final\proyecto_computacion_grafica_lab\ProyectoFinal\ProyectoFinal\Main_proyectoFinal.cpp(304,34): warning C4305: '=': truncamiento de 'double' a 'float'
D:\todo\unam\carrera\Octavo Semestre\Compu grafica\Lab\Proyecto final\proyecto_computacion_grafica_lab\ProyectoFinal\ProyectoFinal\Main_proyectoFinal.cpp(312,33): warning C4305: '=': truncamiento de 'double' a 'float'
D:\todo\unam\carrera\Octavo Semestre\Compu grafica\Lab\Proyecto final\proyecto_computacion_grafica_lab\ProyectoFinal\ProyectoFinal\Main_proyectoFinal.cpp(314,34): warning C4305: '=': truncamiento de 'double' a 'float'
D:\todo\unam\carrera\Octavo Semestre\Compu grafica\Lab\Proyecto final\proyecto_computacion_grafica_lab\ProyectoFinal\ProyectoFinal\Main_proyectoFinal.cpp(322,33): warning C4305: '=': truncamiento de 'double' a 'float'
D:\todo\unam\carrera\Octavo Semestre\Compu grafica\Lab\Proyecto final\proyecto_computacion_grafica_lab\ProyectoFinal\ProyectoFinal\Main_proyectoFinal.cpp(324,34): warning C4305: '=': truncamiento de 'double' a 'float'
D:\todo\unam\carrera\Octavo Semestre\Compu grafica\Lab\Proyecto final\proyecto_computacion_grafica_lab\ProyectoFinal\ProyectoFinal\Main_proyectoFinal.cpp(683,24): warning C4244: 'inicializando': conversión de 'double' a 'GLfloat'; posible pérdida de datos
D:\todo\unam\carrera\Octavo Semestre\Compu grafica\Lab\Proyecto final\proyecto_computacion_grafica_lab\ProyectoFinal\ProyectoFinal\Main_proyectoFinal.cpp(1340,11): warning C4244: '=': conversión de 'double' a 'GLfloat'; posible pérdida de datos
D:\todo\unam\carrera\Octavo Semestre\Compu grafica\Lab\Proyecto final\proyecto_computacion_grafica_lab\ProyectoFinal\ProyectoFinal\Main_proyectoFinal.cpp(1341,11): warning C4244: '=': conversión de 'double' a 'GLfloat'; posible pérdida de datos
D:\todo\unam\carrera\Octavo Semestre\Compu grafica\Lab\Proyecto final\proyecto_computacion_grafica_lab\ProyectoFinal\ProyectoFinal\Main_proyectoFinal.cpp(1345,18): warning C4244: 'inicializando': conversión de 'double' a 'GLfloat'; posible pérdida de datos
D:\todo\unam\carrera\Octavo Semestre\Compu grafica\Lab\Proyecto final\proyecto_computacion_grafica_lab\ProyectoFinal\ProyectoFinal\Main_proyectoFinal.cpp(1346,18): warning C4244: 'inicializando': conversión de 'double' a 'GLfloat'; posible pérdida de datos
D:\todo\unam\carrera\Octavo Semestre\Compu grafica\Lab\Proyecto final\proyecto_computacion_grafica_lab\ProyectoFinal\ProyectoFinal\Main_proyectoFinal.cpp(1348,10): warning C4244: '=': conversión de 'double' a 'GLfloat'; posible pérdida de datos
D:\todo\unam\carrera\Octavo Semestre\Compu grafica\Lab\Proyecto final\proyecto_computacion_grafica_lab\ProyectoFinal\ProyectoFinal\Main_proyectoFinal.cpp(1349,10): warning C4244: '=': conversión de 'double' a 'GLfloat'; posible pérdida de datos
soil2-debug.lib(SOIL2.obj) : warning LNK4075: se omite '/EDITANDCONTINUE' debido a la especificación '/OPT:ICF'
LINK : warning LNK4098: la biblioteca predeterminada'MSVCRTD' entra en conflicto con otras bibliotecas; use la biblioteca /NODEFAULTLIB:biblioteca
  Generando código
  0 of 646 functions ( 0.0%) were compiled, the rest were copied from previous compilation.
    0 functions were new in current compilation
    0 functions had inline decision re-evaluated but remain unchanged
  Generación de código finalizada
soil2-debug.lib(etc1_utils.obj) : warning LNK4099: no se encontró PDB 'soil2-debug.pdb' con 'soil2-debug.lib(etc1_utils.obj)' o en 'D:\todo\unam\carrera\Octavo Semestre\Compu grafica\Lab\Proyecto final\proyecto_computacion_grafica_lab\ProyectoFinal\Release\soil2-debug.pdb'; se vinculará el objeto sin tener en cuenta información de depuración
soil2-debug.lib(image_DXT.obj) : warning LNK4099: no se encontró PDB 'soil2-debug.pdb' con 'soil2-debug.lib(image_DXT.obj)' o en 'D:\todo\unam\carrera\Octavo Semestre\Compu grafica\Lab\Proyecto final\proyecto_computacion_grafica_lab\ProyectoFinal\Release\soil2-debug.pdb'; se vinculará el objeto sin tener en cuenta información de depuración
soil2-debug.lib(image_helper.obj) : warning LNK4099: no se encontró PDB 'soil2-debug.pdb' con 'soil2-debug.lib(image_helper.obj)' o en 'D:\todo\unam\carrera\Octavo Semestre\Compu grafica\Lab\Proyecto final\proyecto_computacion_grafica_lab\ProyectoFinal\Release\soil2-debug.pdb'; se vinculará el objeto sin tener en cuenta información de depuración
soil2-debug.lib(SOIL2.obj) : warning LNK4099: no se encontró PDB 'soil2-debug.pdb' con 'soil2-debug.lib(SOIL2.obj)' o en 'D:\todo\unam\carrera\Octavo Semestre\Compu grafica\Lab\Proyecto final\proyecto_computacion_grafica_lab\ProyectoFinal\Release\soil2-debug.pdb'; se vinculará el objeto sin tener en cuenta información de depuración
  ProyectoFinal.vcxproj -> D:\todo\unam\carrera\Octavo Semestre\Compu grafica\Lab\Proyecto final\proyecto_computacion_grafica_lab\ProyectoFinal\Release\ProyectoFinal.exe
