  Main_proyectoFinal.cpp
D:\todo\unam\carrera\Octavo Semestre\Compu grafica\Lab\Proyecto final\ProyectoComputacionGrafica\ProyectoFinal\ProyectoFinal\Main_proyectoFinal.cpp(60,31): warning C4305: 'inicializando': truncamiento de 'double' a 'float'
D:\todo\unam\carrera\Octavo Semestre\Compu grafica\Lab\Proyecto final\ProyectoComputacionGrafica\ProyectoFinal\ProyectoFinal\Main_proyectoFinal.cpp(61,21): warning C4305: 'inicializando': truncamiento de 'double' a 'float'
D:\todo\unam\carrera\Octavo Semestre\Compu grafica\Lab\Proyecto final\ProyectoComputacionGrafica\ProyectoFinal\ProyectoFinal\Main_proyectoFinal.cpp(162,22): warning C4305: 'inicializando': truncamiento de 'double' a 'float'
D:\todo\unam\carrera\Octavo Semestre\Compu grafica\Lab\Proyecto final\ProyectoComputacionGrafica\ProyectoFinal\ProyectoFinal\Main_proyectoFinal.cpp(199,33): warning C4305: '=': truncamiento de 'double' a 'float'
D:\todo\unam\carrera\Octavo Semestre\Compu grafica\Lab\Proyecto final\ProyectoComputacionGrafica\ProyectoFinal\ProyectoFinal\Main_proyectoFinal.cpp(201,32): warning C4305: '=': truncamiento de 'double' a 'float'
D:\todo\unam\carrera\Octavo Semestre\Compu grafica\Lab\Proyecto final\ProyectoComputacionGrafica\ProyectoFinal\ProyectoFinal\Main_proyectoFinal.cpp(209,33): warning C4305: '=': truncamiento de 'double' a 'float'
D:\todo\unam\carrera\Octavo Semestre\Compu grafica\Lab\Proyecto final\ProyectoComputacionGrafica\ProyectoFinal\ProyectoFinal\Main_proyectoFinal.cpp(211,32): warning C4305: '=': truncamiento de 'double' a 'float'
D:\todo\unam\carrera\Octavo Semestre\Compu grafica\Lab\Proyecto final\ProyectoComputacionGrafica\ProyectoFinal\ProyectoFinal\Main_proyectoFinal.cpp(219,33): warning C4305: '=': truncamiento de 'double' a 'float'
D:\todo\unam\carrera\Octavo Semestre\Compu grafica\Lab\Proyecto final\ProyectoComputacionGrafica\ProyectoFinal\ProyectoFinal\Main_proyectoFinal.cpp(221,32): warning C4305: '=': truncamiento de 'double' a 'float'
D:\todo\unam\carrera\Octavo Semestre\Compu grafica\Lab\Proyecto final\ProyectoComputacionGrafica\ProyectoFinal\ProyectoFinal\Main_proyectoFinal.cpp(230,32): warning C4305: '=': truncamiento de 'double' a 'float'
D:\todo\unam\carrera\Octavo Semestre\Compu grafica\Lab\Proyecto final\ProyectoComputacionGrafica\ProyectoFinal\ProyectoFinal\Main_proyectoFinal.cpp(232,33): warning C4305: '=': truncamiento de 'double' a 'float'
D:\todo\unam\carrera\Octavo Semestre\Compu grafica\Lab\Proyecto final\ProyectoComputacionGrafica\ProyectoFinal\ProyectoFinal\Main_proyectoFinal.cpp(240,32): warning C4305: '=': truncamiento de 'double' a 'float'
D:\todo\unam\carrera\Octavo Semestre\Compu grafica\Lab\Proyecto final\ProyectoComputacionGrafica\ProyectoFinal\ProyectoFinal\Main_proyectoFinal.cpp(242,33): warning C4305: '=': truncamiento de 'double' a 'float'
D:\todo\unam\carrera\Octavo Semestre\Compu grafica\Lab\Proyecto final\ProyectoComputacionGrafica\ProyectoFinal\ProyectoFinal\Main_proyectoFinal.cpp(250,32): warning C4305: '=': truncamiento de 'double' a 'float'
D:\todo\unam\carrera\Octavo Semestre\Compu grafica\Lab\Proyecto final\ProyectoComputacionGrafica\ProyectoFinal\ProyectoFinal\Main_proyectoFinal.cpp(252,33): warning C4305: '=': truncamiento de 'double' a 'float'
D:\todo\unam\carrera\Octavo Semestre\Compu grafica\Lab\Proyecto final\ProyectoComputacionGrafica\ProyectoFinal\ProyectoFinal\Main_proyectoFinal.cpp(260,32): warning C4305: '=': truncamiento de 'double' a 'float'
D:\todo\unam\carrera\Octavo Semestre\Compu grafica\Lab\Proyecto final\ProyectoComputacionGrafica\ProyectoFinal\ProyectoFinal\Main_proyectoFinal.cpp(262,33): warning C4305: '=': truncamiento de 'double' a 'float'
D:\todo\unam\carrera\Octavo Semestre\Compu grafica\Lab\Proyecto final\ProyectoComputacionGrafica\ProyectoFinal\ProyectoFinal\Main_proyectoFinal.cpp(269,32): warning C4305: '=': truncamiento de 'double' a 'float'
D:\todo\unam\carrera\Octavo Semestre\Compu grafica\Lab\Proyecto final\ProyectoComputacionGrafica\ProyectoFinal\ProyectoFinal\Main_proyectoFinal.cpp(271,33): warning C4305: '=': truncamiento de 'double' a 'float'
D:\todo\unam\carrera\Octavo Semestre\Compu grafica\Lab\Proyecto final\ProyectoComputacionGrafica\ProyectoFinal\ProyectoFinal\Main_proyectoFinal.cpp(279,32): warning C4305: '=': truncamiento de 'double' a 'float'
D:\todo\unam\carrera\Octavo Semestre\Compu grafica\Lab\Proyecto final\ProyectoComputacionGrafica\ProyectoFinal\ProyectoFinal\Main_proyectoFinal.cpp(281,33): warning C4305: '=': truncamiento de 'double' a 'float'
D:\todo\unam\carrera\Octavo Semestre\Compu grafica\Lab\Proyecto final\ProyectoComputacionGrafica\ProyectoFinal\ProyectoFinal\Main_proyectoFinal.cpp(289,32): warning C4305: '=': truncamiento de 'double' a 'float'
D:\todo\unam\carrera\Octavo Semestre\Compu grafica\Lab\Proyecto final\ProyectoComputacionGrafica\ProyectoFinal\ProyectoFinal\Main_proyectoFinal.cpp(291,33): warning C4305: '=': truncamiento de 'double' a 'float'
D:\todo\unam\carrera\Octavo Semestre\Compu grafica\Lab\Proyecto final\ProyectoComputacionGrafica\ProyectoFinal\ProyectoFinal\Main_proyectoFinal.cpp(300,33): warning C4305: '=': truncamiento de 'double' a 'float'
D:\todo\unam\carrera\Octavo Semestre\Compu grafica\Lab\Proyecto final\ProyectoComputacionGrafica\ProyectoFinal\ProyectoFinal\Main_proyectoFinal.cpp(302,34): warning C4305: '=': truncamiento de 'double' a 'float'
D:\todo\unam\carrera\Octavo Semestre\Compu grafica\Lab\Proyecto final\ProyectoComputacionGrafica\ProyectoFinal\ProyectoFinal\Main_proyectoFinal.cpp(310,33): warning C4305: '=': truncamiento de 'double' a 'float'
D:\todo\unam\carrera\Octavo Semestre\Compu grafica\Lab\Proyecto final\ProyectoComputacionGrafica\ProyectoFinal\ProyectoFinal\Main_proyectoFinal.cpp(312,34): warning C4305: '=': truncamiento de 'double' a 'float'
D:\todo\unam\carrera\Octavo Semestre\Compu grafica\Lab\Proyecto final\ProyectoComputacionGrafica\ProyectoFinal\ProyectoFinal\Main_proyectoFinal.cpp(320,33): warning C4305: '=': truncamiento de 'double' a 'float'
D:\todo\unam\carrera\Octavo Semestre\Compu grafica\Lab\Proyecto final\ProyectoComputacionGrafica\ProyectoFinal\ProyectoFinal\Main_proyectoFinal.cpp(322,34): warning C4305: '=': truncamiento de 'double' a 'float'
D:\todo\unam\carrera\Octavo Semestre\Compu grafica\Lab\Proyecto final\ProyectoComputacionGrafica\ProyectoFinal\ProyectoFinal\Main_proyectoFinal.cpp(668,24): warning C4244: 'inicializando': conversión de 'double' a 'GLfloat'; posible pérdida de datos
D:\todo\unam\carrera\Octavo Semestre\Compu grafica\Lab\Proyecto final\ProyectoComputacionGrafica\ProyectoFinal\ProyectoFinal\Main_proyectoFinal.cpp(1319,11): warning C4244: '=': conversión de 'double' a 'GLfloat'; posible pérdida de datos
D:\todo\unam\carrera\Octavo Semestre\Compu grafica\Lab\Proyecto final\ProyectoComputacionGrafica\ProyectoFinal\ProyectoFinal\Main_proyectoFinal.cpp(1320,11): warning C4244: '=': conversión de 'double' a 'GLfloat'; posible pérdida de datos
D:\todo\unam\carrera\Octavo Semestre\Compu grafica\Lab\Proyecto final\ProyectoComputacionGrafica\ProyectoFinal\ProyectoFinal\Main_proyectoFinal.cpp(1324,18): warning C4244: 'inicializando': conversión de 'double' a 'GLfloat'; posible pérdida de datos
D:\todo\unam\carrera\Octavo Semestre\Compu grafica\Lab\Proyecto final\ProyectoComputacionGrafica\ProyectoFinal\ProyectoFinal\Main_proyectoFinal.cpp(1325,18): warning C4244: 'inicializando': conversión de 'double' a 'GLfloat'; posible pérdida de datos
D:\todo\unam\carrera\Octavo Semestre\Compu grafica\Lab\Proyecto final\ProyectoComputacionGrafica\ProyectoFinal\ProyectoFinal\Main_proyectoFinal.cpp(1327,10): warning C4244: '=': conversión de 'double' a 'GLfloat'; posible pérdida de datos
D:\todo\unam\carrera\Octavo Semestre\Compu grafica\Lab\Proyecto final\ProyectoComputacionGrafica\ProyectoFinal\ProyectoFinal\Main_proyectoFinal.cpp(1328,10): warning C4244: '=': conversión de 'double' a 'GLfloat'; posible pérdida de datos
LINK : warning LNK4098: la biblioteca predeterminada'MSVCRT' entra en conflicto con otras bibliotecas; use la biblioteca /NODEFAULTLIB:biblioteca
soil2-debug.lib(etc1_utils.obj) : warning LNK4099: no se encontró PDB 'soil2-debug.pdb' con 'soil2-debug.lib(etc1_utils.obj)' o en 'D:\todo\unam\carrera\Octavo Semestre\Compu grafica\Lab\Proyecto final\ProyectoComputacionGrafica\ProyectoFinal\Debug\soil2-debug.pdb'; se vinculará el objeto sin tener en cuenta información de depuración
soil2-debug.lib(image_DXT.obj) : warning LNK4099: no se encontró PDB '' con 'soil2-debug.lib(image_DXT.obj)' o en ''; se vinculará el objeto sin tener en cuenta información de depuración
soil2-debug.lib(image_helper.obj) : warning LNK4099: no se encontró PDB 'soil2-debug.pdb' con 'soil2-debug.lib(image_helper.obj)' o en 'D:\todo\unam\carrera\Octavo Semestre\Compu grafica\Lab\Proyecto final\ProyectoComputacionGrafica\ProyectoFinal\Debug\soil2-debug.pdb'; se vinculará el objeto sin tener en cuenta información de depuración
soil2-debug.lib(SOIL2.obj) : warning LNK4099: no se encontró PDB 'soil2-debug.pdb' con 'soil2-debug.lib(SOIL2.obj)' o en 'D:\todo\unam\carrera\Octavo Semestre\Compu grafica\Lab\Proyecto final\ProyectoComputacionGrafica\ProyectoFinal\Debug\soil2-debug.pdb'; se vinculará el objeto sin tener en cuenta información de depuración
  ProyectoFinal.vcxproj -> D:\todo\unam\carrera\Octavo Semestre\Compu grafica\Lab\Proyecto final\ProyectoComputacionGrafica\ProyectoFinal\Debug\ProyectoFinal.exe
